<?xml version="1.0" encoding="UTF-8"?>
<robot generator="Robot 4.0.3 (Python 3.8.5 on linux)" generated="20210615 21:03:52.134" rpa="false" schemaversion="2">
<suite id="s1" name="Suites" source="/suites">
<suite id="s1-s1" name="Code Challenge" source="/suites/code_challenge.robot">
<test id="s1-s1-t1" name="Scenario 1">
<kw name="Log" library="BuiltIn">
<arg>${REMOTE_URL}</arg>
<doc>Logs the given message with the given level.</doc>
<msg timestamp="20210615 21:03:52.351" level="INFO">http://selenium-hub:4444/wd/hub</msg>
<status status="PASS" starttime="20210615 21:03:52.351" endtime="20210615 21:03:52.351"/>
</kw>
<kw name="Log" library="BuiltIn">
<arg>${BROWSER}</arg>
<doc>Logs the given message with the given level.</doc>
<msg timestamp="20210615 21:03:52.352" level="INFO">ff</msg>
<status status="PASS" starttime="20210615 21:03:52.351" endtime="20210615 21:03:52.352"/>
</kw>
<kw name="No Operation" library="BuiltIn">
<doc>Does absolutely nothing.</doc>
<status status="PASS" starttime="20210615 21:03:52.352" endtime="20210615 21:03:52.353"/>
</kw>
<status status="PASS" starttime="20210615 21:03:52.350" endtime="20210615 21:03:52.353"/>
</test>
<test id="s1-s1-t2" name="Scenario 2">
<kw name="Open Browser" library="SeleniumLibrary">
<arg>${URL}</arg>
<arg>${BROWSER}</arg>
<arg>${ALIAS}</arg>
<arg>${REMOTE_URL}</arg>
<doc>Opens a new browser instance to the optional ``url``.</doc>
<msg timestamp="20210615 21:03:52.361" level="INFO">Opening browser 'ff' to base url 'https://www.google.com' through remote server at 'http://selenium-hub:4444/wd/hub'.</msg>
<status status="PASS" starttime="20210615 21:03:52.356" endtime="20210615 21:03:56.097"/>
</kw>
<kw name="Capture Page Screenshot" library="SeleniumLibrary">
<doc>Takes a screenshot of the current page and embeds it into a log file.</doc>
<msg timestamp="20210615 21:03:56.323" level="INFO" html="true">&lt;/td&gt;&lt;/tr&gt;&lt;tr&gt;&lt;td colspan="3"&gt;&lt;a href="selenium-screenshot-3.png"&gt;&lt;img src="selenium-screenshot-3.png" width="800px"&gt;&lt;/a&gt;</msg>
<status status="PASS" starttime="20210615 21:03:56.098" endtime="20210615 21:03:56.324"/>
</kw>
<kw name="Close Browser" library="SeleniumLibrary">
<doc>Closes the current browser.</doc>
<status status="PASS" starttime="20210615 21:03:56.324" endtime="20210615 21:03:57.009"/>
</kw>
<status status="PASS" starttime="20210615 21:03:52.354" endtime="20210615 21:03:57.009"/>
</test>
<test id="s1-s1-t3" name="Scenario 45">
<kw name="Open Browser" library="SeleniumLibrary">
<arg>${CHALLENGE_API_URL}</arg>
<arg>${BROWSER}</arg>
<arg>${ALIAS}</arg>
<arg>${REMOTE_URL}</arg>
<doc>Opens a new browser instance to the optional ``url``.</doc>
<msg timestamp="20210615 21:03:57.012" level="INFO">Opening browser 'ff' to base url 'http://challenge-api:8080' through remote server at 'http://selenium-hub:4444/wd/hub'.</msg>
<status status="PASS" starttime="20210615 21:03:57.010" endtime="20210615 21:04:00.057"/>
</kw>
<kw name="Capture Page Screenshot" library="SeleniumLibrary">
<doc>Takes a screenshot of the current page and embeds it into a log file.</doc>
<msg timestamp="20210615 21:04:00.258" level="INFO" html="true">&lt;/td&gt;&lt;/tr&gt;&lt;tr&gt;&lt;td colspan="3"&gt;&lt;a href="selenium-screenshot-4.png"&gt;&lt;img src="selenium-screenshot-4.png" width="800px"&gt;&lt;/a&gt;</msg>
<status status="PASS" starttime="20210615 21:04:00.057" endtime="20210615 21:04:00.258"/>
</kw>
<kw name="Close Browser" library="SeleniumLibrary">
<doc>Closes the current browser.</doc>
<status status="PASS" starttime="20210615 21:04:00.259" endtime="20210615 21:04:01.011"/>
</kw>
<status status="PASS" starttime="20210615 21:03:57.010" endtime="20210615 21:04:01.011"/>
</test>
<test id="s1-s1-t4" name="Scenario 1">
<kw name="Log" library="BuiltIn">
<arg>${REMOTE_URL}</arg>
<doc>Logs the given message with the given level.</doc>
<msg timestamp="20210615 21:04:01.013" level="INFO">http://selenium-hub:4444/wd/hub</msg>
<status status="PASS" starttime="20210615 21:04:01.013" endtime="20210615 21:04:01.013"/>
</kw>
<kw name="Log" library="BuiltIn">
<arg>${BROWSER}</arg>
<doc>Logs the given message with the given level.</doc>
<msg timestamp="20210615 21:04:01.014" level="INFO">ff</msg>
<status status="PASS" starttime="20210615 21:04:01.013" endtime="20210615 21:04:01.014"/>
</kw>
<kw name="No Operation" library="BuiltIn">
<doc>Does absolutely nothing.</doc>
<status status="PASS" starttime="20210615 21:04:01.014" endtime="20210615 21:04:01.014"/>
</kw>
<status status="PASS" starttime="20210615 21:04:01.012" endtime="20210615 21:04:01.014"/>
</test>
<test id="s1-s1-t5" name="Scenario 1">
<kw name="Log" library="BuiltIn">
<arg>${REMOTE_URL}</arg>
<doc>Logs the given message with the given level.</doc>
<msg timestamp="20210615 21:04:01.016" level="INFO">http://selenium-hub:4444/wd/hub</msg>
<status status="PASS" starttime="20210615 21:04:01.015" endtime="20210615 21:04:01.016"/>
</kw>
<kw name="Log" library="BuiltIn">
<arg>${BROWSER}</arg>
<doc>Logs the given message with the given level.</doc>
<msg timestamp="20210615 21:04:01.016" level="INFO">ff</msg>
<status status="PASS" starttime="20210615 21:04:01.016" endtime="20210615 21:04:01.016"/>
</kw>
<kw name="No Operation" library="BuiltIn">
<doc>Does absolutely nothing.</doc>
<status status="PASS" starttime="20210615 21:04:01.016" endtime="20210615 21:04:01.017"/>
</kw>
<status status="PASS" starttime="20210615 21:04:01.015" endtime="20210615 21:04:01.017"/>
</test>
<test id="s1-s1-t6" name="Scenario 1">
<kw name="Log" library="BuiltIn">
<arg>${REMOTE_URL}</arg>
<doc>Logs the given message with the given level.</doc>
<msg timestamp="20210615 21:04:01.018" level="INFO">http://selenium-hub:4444/wd/hub</msg>
<status status="PASS" starttime="20210615 21:04:01.018" endtime="20210615 21:04:01.018"/>
</kw>
<kw name="Log" library="BuiltIn">
<arg>${BROWSER}</arg>
<doc>Logs the given message with the given level.</doc>
<msg timestamp="20210615 21:04:01.020" level="INFO">ff</msg>
<status status="PASS" starttime="20210615 21:04:01.018" endtime="20210615 21:04:01.020"/>
</kw>
<kw name="No Operation" library="BuiltIn">
<doc>Does absolutely nothing.</doc>
<status status="PASS" starttime="20210615 21:04:01.020" endtime="20210615 21:04:01.020"/>
</kw>
<status status="PASS" starttime="20210615 21:04:01.017" endtime="20210615 21:04:01.020"/>
</test>
<test id="s1-s1-t7" name="Scenario 1">
<kw name="Log" library="BuiltIn">
<arg>${REMOTE_URL}</arg>
<doc>Logs the given message with the given level.</doc>
<msg timestamp="20210615 21:04:01.022" level="INFO">http://selenium-hub:4444/wd/hub</msg>
<status status="PASS" starttime="20210615 21:04:01.022" endtime="20210615 21:04:01.022"/>
</kw>
<kw name="Log" library="BuiltIn">
<arg>${BROWSER}</arg>
<doc>Logs the given message with the given level.</doc>
<msg timestamp="20210615 21:04:01.023" level="INFO">ff</msg>
<status status="PASS" starttime="20210615 21:04:01.022" endtime="20210615 21:04:01.023"/>
</kw>
<kw name="No Operation" library="BuiltIn">
<doc>Does absolutely nothing.</doc>
<status status="PASS" starttime="20210615 21:04:01.023" endtime="20210615 21:04:01.023"/>
</kw>
<status status="PASS" starttime="20210615 21:04:01.021" endtime="20210615 21:04:01.023"/>
</test>
<test id="s1-s1-t8" name="Scenario 1">
<kw name="Log" library="BuiltIn">
<arg>${REMOTE_URL}</arg>
<doc>Logs the given message with the given level.</doc>
<msg timestamp="20210615 21:04:01.027" level="INFO">http://selenium-hub:4444/wd/hub</msg>
<status status="PASS" starttime="20210615 21:04:01.027" endtime="20210615 21:04:01.027"/>
</kw>
<kw name="Log" library="BuiltIn">
<arg>${BROWSER}</arg>
<doc>Logs the given message with the given level.</doc>
<msg timestamp="20210615 21:04:01.028" level="INFO">ff</msg>
<status status="PASS" starttime="20210615 21:04:01.027" endtime="20210615 21:04:01.028"/>
</kw>
<kw name="No Operation" library="BuiltIn">
<doc>Does absolutely nothing.</doc>
<status status="PASS" starttime="20210615 21:04:01.028" endtime="20210615 21:04:01.028"/>
</kw>
<status status="PASS" starttime="20210615 21:04:01.024" endtime="20210615 21:04:01.028"/>
</test>
<test id="s1-s1-t9" name="Scenario 1">
<kw name="Log" library="BuiltIn">
<arg>${REMOTE_URL}</arg>
<doc>Logs the given message with the given level.</doc>
<msg timestamp="20210615 21:04:01.030" level="INFO">http://selenium-hub:4444/wd/hub</msg>
<status status="PASS" starttime="20210615 21:04:01.029" endtime="20210615 21:04:01.031"/>
</kw>
<kw name="Log" library="BuiltIn">
<arg>${BROWSER}</arg>
<doc>Logs the given message with the given level.</doc>
<msg timestamp="20210615 21:04:01.031" level="INFO">ff</msg>
<status status="PASS" starttime="20210615 21:04:01.031" endtime="20210615 21:04:01.031"/>
</kw>
<kw name="No Operation" library="BuiltIn">
<doc>Does absolutely nothing.</doc>
<status status="PASS" starttime="20210615 21:04:01.031" endtime="20210615 21:04:01.031"/>
</kw>
<status status="PASS" starttime="20210615 21:04:01.029" endtime="20210615 21:04:01.031"/>
</test>
<test id="s1-s1-t10" name="Scenario 1">
<kw name="Log" library="BuiltIn">
<arg>${REMOTE_URL}</arg>
<doc>Logs the given message with the given level.</doc>
<msg timestamp="20210615 21:04:01.033" level="INFO">http://selenium-hub:4444/wd/hub</msg>
<status status="PASS" starttime="20210615 21:04:01.033" endtime="20210615 21:04:01.033"/>
</kw>
<kw name="Log" library="BuiltIn">
<arg>${BROWSER}</arg>
<doc>Logs the given message with the given level.</doc>
<msg timestamp="20210615 21:04:01.033" level="INFO">ff</msg>
<status status="PASS" starttime="20210615 21:04:01.033" endtime="20210615 21:04:01.033"/>
</kw>
<kw name="No Operation" library="BuiltIn">
<doc>Does absolutely nothing.</doc>
<status status="PASS" starttime="20210615 21:04:01.033" endtime="20210615 21:04:01.034"/>
</kw>
<status status="PASS" starttime="20210615 21:04:01.032" endtime="20210615 21:04:01.034"/>
</test>
<test id="s1-s1-t11" name="Scenario 1">
<kw name="Log" library="BuiltIn">
<arg>${REMOTE_URL}</arg>
<doc>Logs the given message with the given level.</doc>
<msg timestamp="20210615 21:04:01.035" level="INFO">http://selenium-hub:4444/wd/hub</msg>
<status status="PASS" starttime="20210615 21:04:01.035" endtime="20210615 21:04:01.035"/>
</kw>
<kw name="Log" library="BuiltIn">
<arg>${BROWSER}</arg>
<doc>Logs the given message with the given level.</doc>
<msg timestamp="20210615 21:04:01.035" level="INFO">ff</msg>
<status status="PASS" starttime="20210615 21:04:01.035" endtime="20210615 21:04:01.035"/>
</kw>
<kw name="No Operation" library="BuiltIn">
<doc>Does absolutely nothing.</doc>
<status status="PASS" starttime="20210615 21:04:01.036" endtime="20210615 21:04:01.036"/>
</kw>
<status status="PASS" starttime="20210615 21:04:01.034" endtime="20210615 21:04:01.036"/>
</test>
<test id="s1-s1-t12" name="Scenario 1">
<kw name="Log" library="BuiltIn">
<arg>${REMOTE_URL}</arg>
<doc>Logs the given message with the given level.</doc>
<msg timestamp="20210615 21:04:01.037" level="INFO">http://selenium-hub:4444/wd/hub</msg>
<status status="PASS" starttime="20210615 21:04:01.037" endtime="20210615 21:04:01.037"/>
</kw>
<kw name="Log" library="BuiltIn">
<arg>${BROWSER}</arg>
<doc>Logs the given message with the given level.</doc>
<msg timestamp="20210615 21:04:01.037" level="INFO">ff</msg>
<status status="PASS" starttime="20210615 21:04:01.037" endtime="20210615 21:04:01.038"/>
</kw>
<kw name="No Operation" library="BuiltIn">
<doc>Does absolutely nothing.</doc>
<status status="PASS" starttime="20210615 21:04:01.038" endtime="20210615 21:04:01.038"/>
</kw>
<status status="PASS" starttime="20210615 21:04:01.036" endtime="20210615 21:04:01.038"/>
</test>
<test id="s1-s1-t13" name="Scenario 1">
<kw name="Log" library="BuiltIn">
<arg>${REMOTE_URL}</arg>
<doc>Logs the given message with the given level.</doc>
<msg timestamp="20210615 21:04:01.039" level="INFO">http://selenium-hub:4444/wd/hub</msg>
<status status="PASS" starttime="20210615 21:04:01.039" endtime="20210615 21:04:01.039"/>
</kw>
<kw name="Log" library="BuiltIn">
<arg>${BROWSER}</arg>
<doc>Logs the given message with the given level.</doc>
<msg timestamp="20210615 21:04:01.040" level="INFO">ff</msg>
<status status="PASS" starttime="20210615 21:04:01.039" endtime="20210615 21:04:01.040"/>
</kw>
<kw name="No Operation" library="BuiltIn">
<doc>Does absolutely nothing.</doc>
<status status="PASS" starttime="20210615 21:04:01.040" endtime="20210615 21:04:01.040"/>
</kw>
<status status="PASS" starttime="20210615 21:04:01.038" endtime="20210615 21:04:01.040"/>
</test>
<status status="PASS" starttime="20210615 21:03:52.166" endtime="20210615 21:04:01.041"/>
</suite>
<status status="PASS" starttime="20210615 21:03:52.136" endtime="20210615 21:04:01.052"/>
</suite>
<statistics>
<total>
<stat pass="13" fail="0" skip="0">All Tests</stat>
</total>
<tag>
</tag>
<suite>
<stat pass="13" fail="0" skip="0" id="s1" name="Suites">Suites</stat>
<stat pass="13" fail="0" skip="0" id="s1-s1" name="Code Challenge">Suites.Code Challenge</stat>
</suite>
</statistics>
<errors>
<msg timestamp="20210615 21:04:01.012" level="WARN">Multiple test cases with name 'Scenario 1' executed in test suite 'Suites.Code Challenge'.</msg>
<msg timestamp="20210615 21:04:01.015" level="WARN">Multiple test cases with name 'Scenario 1' executed in test suite 'Suites.Code Challenge'.</msg>
<msg timestamp="20210615 21:04:01.017" level="WARN">Multiple test cases with name 'Scenario 1' executed in test suite 'Suites.Code Challenge'.</msg>
<msg timestamp="20210615 21:04:01.021" level="WARN">Multiple test cases with name 'Scenario 1' executed in test suite 'Suites.Code Challenge'.</msg>
<msg timestamp="20210615 21:04:01.024" level="WARN">Multiple test cases with name 'Scenario 1' executed in test suite 'Suites.Code Challenge'.</msg>
<msg timestamp="20210615 21:04:01.028" level="WARN">Multiple test cases with name 'Scenario 1' executed in test suite 'Suites.Code Challenge'.</msg>
<msg timestamp="20210615 21:04:01.032" level="WARN">Multiple test cases with name 'Scenario 1' executed in test suite 'Suites.Code Challenge'.</msg>
<msg timestamp="20210615 21:04:01.034" level="WARN">Multiple test cases with name 'Scenario 1' executed in test suite 'Suites.Code Challenge'.</msg>
<msg timestamp="20210615 21:04:01.036" level="WARN">Multiple test cases with name 'Scenario 1' executed in test suite 'Suites.Code Challenge'.</msg>
<msg timestamp="20210615 21:04:01.038" level="WARN">Multiple test cases with name 'Scenario 1' executed in test suite 'Suites.Code Challenge'.</msg>
</errors>
</robot>
